{
  "stats": {
    "suites": 2,
    "tests": 2,
    "passes": 2,
    "pending": 0,
    "failures": 0,
    "start": "2023-01-30T06:52:39.178Z",
    "end": "2023-01-30T06:53:26.232Z",
    "duration": 47054,
    "testsRegistered": 2,
    "passPercent": 100,
    "pendingPercent": 0,
    "other": 0,
    "hasOther": false,
    "skipped": 0,
    "hasSkipped": false
  },
  "results": [
    {
      "uuid": "2963aea6-2898-44d5-ba89-f733f1eb995b",
      "title": "",
      "fullFile": "cypress\\e2e\\negativos.spec.cy.js",
      "file": "cypress\\e2e\\negativos.spec.cy.js",
      "beforeHooks": [],
      "afterHooks": [],
      "tests": [],
      "suites": [
        {
          "uuid": "a1eeb87b-ee03-4829-9d9e-c1a6491efd70",
          "title": "Negativos",
          "fullFile": "",
          "file": "",
          "beforeHooks": [],
          "afterHooks": [],
          "tests": [],
          "suites": [
            {
              "uuid": "9adf592c-a0a7-4c4d-aacc-5c7ede0305c0",
              "title": "Comportamentos inesperados",
              "fullFile": "",
              "file": "",
              "beforeHooks": [],
              "afterHooks": [],
              "tests": [
                {
                  "title": "Cupom para de valer quando excluo todas as ofertas do carrinho e adiciono novas sem retirar o cupom antes",
                  "fullTitle": "Negativos Comportamentos inesperados Cupom para de valer quando excluo todas as ofertas do carrinho e adiciono novas sem retirar o cupom antes",
                  "timedOut": null,
                  "duration": 32793,
                  "state": "passed",
                  "speed": "slow",
                  "pass": true,
                  "fail": false,
                  "pending": false,
                  "context": "[\n  \"Selecionou oferta [ [CATEGORIA] Produto com categoria - 3 Nível ]\",\n  \"\\\\cypress\\\\screenshots\\\\negativos.spec.cy.js\\\\Selecionou oferta [ [CATEGORIA] Produto com categoria - 3 Nível ].png\",\n  \"Adicionou oferta no carrinho\",\n  \"\\\\cypress\\\\screenshots\\\\negativos.spec.cy.js\\\\Adicionou oferta no carrinho.png\",\n  \"Valor da oferta [CATEGORIA] Produto com categoria - 3 Nível retornou conforme o esperado [ R$ 89,00 ]\",\n  \"\\\\cypress\\\\screenshots\\\\negativos.spec.cy.js\\\\Valor da oferta [CATEGORIA] Produto com categoria - 3 Nível retornou conforme o esperado [ R$ 89,00 ].png\",\n  \"Adicionou cep [ 94950-490 ]\",\n  \"Valor da opcao [ 2 dias úteis ]  do frete  retornou conforme o esperado - [ R$ 35,11 ]\",\n  \"Selecionou a opcao [ 2 dias úteis ]\",\n  \"\\\\cypress\\\\screenshots\\\\negativos.spec.cy.js\\\\Selecionou a opcao [ 2 dias úteis ].png\",\n  \"Valor do subtotal retornou conforme o esperado - [ 89 ]\",\n  \"Valor do subtotal retornou conforme o esperado - [ 124.11 ]\",\n  \"\\\\cypress\\\\screenshots\\\\negativos.spec.cy.js\\\\Valor do subtotal retornou conforme o esperado - [ 124.11 ].png\",\n  \"Ativou o cupom [ 30REAIS ]\",\n  \"\\\\cypress\\\\screenshots\\\\negativos.spec.cy.js\\\\Ativou o cupom [ 30REAIS ].png\",\n  \"Valor do subtotal retornou conforme o esperado - [ 94.11 ]\",\n  \"\\\\cypress\\\\screenshots\\\\negativos.spec.cy.js\\\\Valor do subtotal retornou conforme o esperado - [ 94.11 ].png\",\n  \"Oferta [ [CATEGORIA] Produto com categoria - 3 Nível ] foi retirada do carrinho\",\n  \"\\\\cypress\\\\screenshots\\\\negativos.spec.cy.js\\\\Oferta [ [CATEGORIA] Produto com categoria - 3 Nível ] foi retirada do carrinho.png\",\n  \"Selecionou oferta [ [CATEGORIA] Produto com categoria - 3 Nível ]\",\n  \"\\\\cypress\\\\screenshots\\\\negativos.spec.cy.js\\\\Selecionou oferta [ [CATEGORIA] Produto com categoria - 3 Nível ].png\",\n  \"Adicionou oferta no carrinho\",\n  \"\\\\cypress\\\\screenshots\\\\negativos.spec.cy.js\\\\Adicionou oferta no carrinho.png\",\n  \"Valor do cupom retornou como esperado - [ R$ 0,00 ]\",\n  \"Valor do subtotal retornou conforme o esperado - [ 124.11 ]\",\n  \"\\\\cypress\\\\screenshots\\\\negativos.spec.cy.js\\\\Valor do subtotal retornou conforme o esperado - [ 124.11 ].png\"\n]",
                  "code": "const homePage = new _homePage.HomePage();\nhomePage.selecionarOferta('[CATEGORIA] Produto com categoria - 3 Nível');\nhomePage.adicionarOfertaNoCarrinho();\nconst carrinhoPage = new _carrinhoPage.CarrinhoPage();\ncarrinhoPage.verificaValorOferta('[CATEGORIA] Produto com categoria - 3 Nível', 'R$ 89,00');\ncarrinhoPage.adicionarCep(\"94950-490\");\ncarrinhoPage.verificaValorFrete('2 dias úteis', 'R$ 35,11');\ncarrinhoPage.selecionarOpcaoFrete('2 dias úteis');\ncarrinhoPage.verificarSubtotal(89.0);\ncarrinhoPage.verificaTotal(124.11);\ncarrinhoPage.adicionarCupom('30REAIS');\ncarrinhoPage.verificaTotal(94.11);\ncarrinhoPage.retiraOfertaDoCarrinho('[CATEGORIA] Produto com categoria - 3 Nível');\ncarrinhoPage.clicarIrAsCompras();\nhomePage.selecionarOferta('[CATEGORIA] Produto com categoria - 3 Nível');\nhomePage.adicionarOfertaNoCarrinho();\ncarrinhoPage.verificaValorDoCupom(\"R$ 0,00\");\ncarrinhoPage.verificaTotal(124.11);",
                  "err": {},
                  "uuid": "daa35039-4a32-45ee-b74f-b87e7cfd9775",
                  "parentUUID": "9adf592c-a0a7-4c4d-aacc-5c7ede0305c0",
                  "isHook": false,
                  "skipped": false
                },
                {
                  "title": "Mensagem de erro lançada após decrementar oferta com somente 1 unidade",
                  "fullTitle": "Negativos Comportamentos inesperados Mensagem de erro lançada após decrementar oferta com somente 1 unidade",
                  "timedOut": null,
                  "duration": 10931,
                  "state": "passed",
                  "speed": "slow",
                  "pass": true,
                  "fail": false,
                  "pending": false,
                  "context": "[\n  \"Selecionou oferta [ [CATEGORIA] Produto com categoria - 3 Nível ]\",\n  \"\\\\cypress\\\\screenshots\\\\negativos.spec.cy.js\\\\Selecionou oferta [ [CATEGORIA] Produto com categoria - 3 Nível ].png\",\n  \"Adicionou oferta no carrinho\",\n  \"\\\\cypress\\\\screenshots\\\\negativos.spec.cy.js\\\\Adicionou oferta no carrinho.png\",\n  \"Valor da oferta [CATEGORIA] Produto com categoria - 3 Nível retornou conforme o esperado [ R$ 89,00 ]\",\n  \"\\\\cypress\\\\screenshots\\\\negativos.spec.cy.js\\\\Valor da oferta [CATEGORIA] Produto com categoria - 3 Nível retornou conforme o esperado [ R$ 89,00 ].png\",\n  \"Oferta [ [CATEGORIA] Produto com categoria - 3 Nível ] foi decrementada\",\n  \"\\\\cypress\\\\screenshots\\\\negativos.spec.cy.js\\\\Oferta [ [CATEGORIA] Produto com categoria - 3 Nível ] foi decrementada.png\",\n  \"Apareceu mensagem de erro - [ Erro ao atualizar item. ]\",\n  \"\\\\cypress\\\\screenshots\\\\negativos.spec.cy.js\\\\Apareceu mensagem de erro - [ Erro ao atualizar item. ].png\"\n]",
                  "code": "const homePage = new _homePage.HomePage();\nhomePage.selecionarOferta('[CATEGORIA] Produto com categoria - 3 Nível');\nhomePage.adicionarOfertaNoCarrinho();\nconst carrinhoPage = new _carrinhoPage.CarrinhoPage();\ncarrinhoPage.verificaValorOferta('[CATEGORIA] Produto com categoria - 3 Nível', 'R$ 89,00');\ncarrinhoPage.decrementarOferta('[CATEGORIA] Produto com categoria - 3 Nível');\ncarrinhoPage.verificaMensagemErro(\"Erro ao atualizar item.\");",
                  "err": {},
                  "uuid": "7fda44f5-7bc6-46a7-8e77-0b5a224ba398",
                  "parentUUID": "9adf592c-a0a7-4c4d-aacc-5c7ede0305c0",
                  "isHook": false,
                  "skipped": false
                }
              ],
              "suites": [],
              "passes": [
                "daa35039-4a32-45ee-b74f-b87e7cfd9775",
                "7fda44f5-7bc6-46a7-8e77-0b5a224ba398"
              ],
              "failures": [],
              "pending": [],
              "skipped": [],
              "duration": 43724,
              "root": false,
              "rootEmpty": false,
              "_timeout": 2000
            }
          ],
          "passes": [],
          "failures": [],
          "pending": [],
          "skipped": [],
          "duration": 0,
          "root": false,
          "rootEmpty": false,
          "_timeout": 2000
        }
      ],
      "passes": [],
      "failures": [],
      "pending": [],
      "skipped": [],
      "duration": 0,
      "root": true,
      "rootEmpty": true,
      "_timeout": 2000
    }
  ],
  "meta": {
    "mocha": {
      "version": "7.0.1"
    },
    "mochawesome": {
      "options": {
        "quiet": false,
        "reportFilename": "mochawesome",
        "saveHtml": false,
        "saveJson": true,
        "consoleReporter": "spec",
        "useInlineDiffs": false,
        "code": true
      },
      "version": "7.1.3"
    },
    "marge": {
      "options": {
        "id": "default",
        "reportDir": "cypress/reports/mocha",
        "quite": true,
        "overwrite": false,
        "html": false,
        "json": true
      },
      "version": "6.2.0"
    }
  }
}