{
  "stats": {
    "suites": 2,
    "tests": 10,
    "passes": 10,
    "pending": 0,
    "failures": 0,
    "start": "2023-01-30T03:21:22.140Z",
    "end": "2023-01-30T03:23:17.621Z",
    "duration": 115481,
    "testsRegistered": 10,
    "passPercent": 100,
    "pendingPercent": 0,
    "other": 0,
    "hasOther": false,
    "skipped": 0,
    "hasSkipped": false
  },
  "results": [
    {
      "uuid": "f87325cd-b8b0-49dd-893b-09d3f0f79fd0",
      "title": "",
      "fullFile": "cypress\\e2e\\smoke.spec.cy.js",
      "file": "cypress\\e2e\\smoke.spec.cy.js",
      "beforeHooks": [],
      "afterHooks": [],
      "tests": [],
      "suites": [
        {
          "uuid": "426e5eeb-f672-402f-bac1-4b6870ae6fcd",
          "title": "Smoke",
          "fullFile": "",
          "file": "",
          "beforeHooks": [],
          "afterHooks": [],
          "tests": [],
          "suites": [
            {
              "uuid": "41dff9e1-56f0-4f7b-b9f2-c2d2458ce2ac",
              "title": "Carrinho",
              "fullFile": "",
              "file": "",
              "beforeHooks": [],
              "afterHooks": [],
              "tests": [
                {
                  "title": "Seleciona e retira multiplas ofertas para verificar se o contador  mudou",
                  "fullTitle": "Smoke Carrinho Seleciona e retira multiplas ofertas para verificar se o contador  mudou",
                  "timedOut": null,
                  "duration": 13672,
                  "state": "passed",
                  "speed": "slow",
                  "pass": true,
                  "fail": false,
                  "pending": false,
                  "context": null,
                  "code": "const homePage = new _homePage.HomePage();\nhomePage.selecionarOferta('[CATEGORIA] Produto com categoria - 1 Nível');\nhomePage.adicionarOfertaNoCarrinho();\nconst carrinhoPage = new _carrinhoPage.CarrinhoPage();\ncarrinhoPage.verificaContadorCarrinho(1);\ncy.get('.logo').click();\nhomePage.selecionarOferta('[CATEGORIA] Produto com categoria - 2 Nível');\nhomePage.adicionarOfertaNoCarrinho();\ncarrinhoPage.verificaContadorCarrinho(2);\ncarrinhoPage.retiraOfertaDoCarrinho('[CATEGORIA] Produto com categoria - 2 Nível');\ncarrinhoPage.verificaContadorCarrinho(1);",
                  "err": {},
                  "uuid": "9697ffd5-564d-4948-8759-71bd67e54df2",
                  "parentUUID": "41dff9e1-56f0-4f7b-b9f2-c2d2458ce2ac",
                  "isHook": false,
                  "skipped": false
                },
                {
                  "title": "Seleciona ofertas e calcula o valor total com as opcoes de fretes 1 dia útil e 2 dias úteis",
                  "fullTitle": "Smoke Carrinho Seleciona ofertas e calcula o valor total com as opcoes de fretes 1 dia útil e 2 dias úteis",
                  "timedOut": null,
                  "duration": 15797,
                  "state": "passed",
                  "speed": "slow",
                  "pass": true,
                  "fail": false,
                  "pending": false,
                  "context": null,
                  "code": "const homePage = new _homePage.HomePage();\nhomePage.selecionarOferta('[CATEGORIA] Produto com categoria - 1 Nível');\nhomePage.adicionarOfertaNoCarrinho();\nconst carrinhoPage = new _carrinhoPage.CarrinhoPage();\ncarrinhoPage.verificaValorOferta(\"[CATEGORIA] Produto com categoria - 1 Nível\", \"R$ 80,00\");\n//volta para home\ncy.get('.logo').click();\n//selciona outra oferta\nhomePage.selecionarOferta('[CATEGORIA] Produto com categoria - 2 Nível');\nhomePage.adicionarOfertaNoCarrinho();\ncarrinhoPage.verificaValorOferta(\"[CATEGORIA] Produto com categoria - 2 Nível\", \"R$ 17,50\");\ncarrinhoPage.verificarSubtotal(97.5);\ncarrinhoPage.adicionarCep(\"94950-490\");\ncarrinhoPage.verificaValorFrete('1 dia útil', 'R$ 0,00');\ncarrinhoPage.selecionarOpcaoFrete('1 dia útil');\ncarrinhoPage.verificaTotal(97.5);\ncarrinhoPage.verificaValorFrete('2 dias úteis', 'R$ 35,11');\ncarrinhoPage.selecionarOpcaoFrete('2 dias úteis');\ncarrinhoPage.verificaTotal(132.61);",
                  "err": {},
                  "uuid": "fc90c9fb-48a1-4311-8575-1b58a348eadb",
                  "parentUUID": "41dff9e1-56f0-4f7b-b9f2-c2d2458ce2ac",
                  "isHook": false,
                  "skipped": false
                },
                {
                  "title": "Seleciona e incrementa oferta para validar mudança no valor total do carrinho",
                  "fullTitle": "Smoke Carrinho Seleciona e incrementa oferta para validar mudança no valor total do carrinho",
                  "timedOut": null,
                  "duration": 12427,
                  "state": "passed",
                  "speed": "slow",
                  "pass": true,
                  "fail": false,
                  "pending": false,
                  "context": null,
                  "code": "const homePage = new _homePage.HomePage();\nhomePage.selecionarOferta('[CATEGORIA] Produto com categoria - 1 Nível');\nhomePage.adicionarOfertaNoCarrinho();\nconst carrinhoPage = new _carrinhoPage.CarrinhoPage();\ncarrinhoPage.verificaValorOferta(\"[CATEGORIA] Produto com categoria - 1 Nível\", \"R$ 80,00\");\n//volta para home\ncy.get('.logo').click();\n//selciona outra oferta\nhomePage.selecionarOferta('[CATEGORIA] Produto com categoria - 2 Nível');\nhomePage.adicionarOfertaNoCarrinho();\ncarrinhoPage.verificaValorOferta(\"[CATEGORIA] Produto com categoria - 2 Nível\", \"R$ 17,50\");\ncarrinhoPage.verificaTotal(97.5);\ncarrinhoPage.incrementaOferta(\"[CATEGORIA] Produto com categoria - 2 Nível\");\ncarrinhoPage.verificaTotal(115);",
                  "err": {},
                  "uuid": "b4302c7a-4ca2-41d9-a3dc-585e33bb0fef",
                  "parentUUID": "41dff9e1-56f0-4f7b-b9f2-c2d2458ce2ac",
                  "isHook": false,
                  "skipped": false
                },
                {
                  "title": "Desconta o valor do frete da opcao \"2 dias úteis\" com cupom FRETEGRATIS",
                  "fullTitle": "Smoke Carrinho Desconta o valor do frete da opcao \"2 dias úteis\" com cupom FRETEGRATIS",
                  "timedOut": null,
                  "duration": 9373,
                  "state": "passed",
                  "speed": "medium",
                  "pass": true,
                  "fail": false,
                  "pending": false,
                  "context": null,
                  "code": "const homePage = new _homePage.HomePage();\nhomePage.selecionarOferta('[CATEGORIA] Produto com categoria - 3 Nível');\nhomePage.adicionarOfertaNoCarrinho();\nconst carrinhoPage = new _carrinhoPage.CarrinhoPage();\ncarrinhoPage.verificaValorOferta('[CATEGORIA] Produto com categoria - 3 Nível', 'R$ 89,00');\ncarrinhoPage.adicionarCep(\"94950-490\");\ncarrinhoPage.verificaValorFrete('2 dias úteis', 'R$ 35,11');\ncarrinhoPage.selecionarOpcaoFrete('2 dias úteis');\ncarrinhoPage.verificarSubtotal(89.0);\ncarrinhoPage.verificaTotal(124.11);\ncarrinhoPage.adicionarCupom('FRETEGRATIS');\ncarrinhoPage.verificaTotal(89.0);",
                  "err": {},
                  "uuid": "e98198d7-495c-456f-814b-7f3a75a14171",
                  "parentUUID": "41dff9e1-56f0-4f7b-b9f2-c2d2458ce2ac",
                  "isHook": false,
                  "skipped": false
                },
                {
                  "title": "Cupom FRETEGRATIS não deve alterar o valor do carrinho quando o frete for \"1 dia útil\"",
                  "fullTitle": "Smoke Carrinho Cupom FRETEGRATIS não deve alterar o valor do carrinho quando o frete for \"1 dia útil\"",
                  "timedOut": null,
                  "duration": 10772,
                  "state": "passed",
                  "speed": "slow",
                  "pass": true,
                  "fail": false,
                  "pending": false,
                  "context": null,
                  "code": "const homePage = new _homePage.HomePage();\nhomePage.selecionarOferta('[CATEGORIA] Produto com categoria - 3 Nível');\nhomePage.adicionarOfertaNoCarrinho();\nconst carrinhoPage = new _carrinhoPage.CarrinhoPage();\ncarrinhoPage.verificaValorOferta('[CATEGORIA] Produto com categoria - 3 Nível', 'R$ 89,00');\ncarrinhoPage.verificarSubtotal(89.0);\ncarrinhoPage.adicionarCep(\"94950-490\");\ncarrinhoPage.verificaValorFrete('1 dia útil', 'R$ 0,00');\ncarrinhoPage.selecionarOpcaoFrete('1 dia útil');\ncarrinhoPage.verificaTotal(89.0);\ncarrinhoPage.adicionarCupom('FRETEGRATIS');\ncarrinhoPage.verificaTotal(89.0);",
                  "err": {},
                  "uuid": "26612c33-3fb6-4190-9aa3-8e777b5e5d15",
                  "parentUUID": "41dff9e1-56f0-4f7b-b9f2-c2d2458ce2ac",
                  "isHook": false,
                  "skipped": false
                },
                {
                  "title": "Cupom 10OFF deve descontar 10% na soma do valor das ofertas",
                  "fullTitle": "Smoke Carrinho Cupom 10OFF deve descontar 10% na soma do valor das ofertas",
                  "timedOut": null,
                  "duration": 10668,
                  "state": "passed",
                  "speed": "slow",
                  "pass": true,
                  "fail": false,
                  "pending": false,
                  "context": null,
                  "code": "const homePage = new _homePage.HomePage();\nhomePage.selecionarOferta('[CATEGORIA] Produto com categoria - 3 Nível');\nhomePage.adicionarOfertaNoCarrinho();\nconst carrinhoPage = new _carrinhoPage.CarrinhoPage();\ncarrinhoPage.verificaValorOferta('[CATEGORIA] Produto com categoria - 3 Nível', 'R$ 89,00');\ncarrinhoPage.adicionarCep(\"94950-490\");\ncarrinhoPage.verificaValorFrete('2 dias úteis', 'R$ 35,11');\ncarrinhoPage.selecionarOpcaoFrete('2 dias úteis');\ncarrinhoPage.verificarSubtotal(89.0);\ncarrinhoPage.verificaTotal(124.11);\ncarrinhoPage.adicionarCupom('10OFF');\ncarrinhoPage.verificaTotal(115.21);",
                  "err": {},
                  "uuid": "95def541-3b08-4eb5-b105-d2c8e51eac73",
                  "parentUUID": "41dff9e1-56f0-4f7b-b9f2-c2d2458ce2ac",
                  "isHook": false,
                  "skipped": false
                },
                {
                  "title": "Cupom 30REAIS deve descontar 30 reais no valor total do carrinho",
                  "fullTitle": "Smoke Carrinho Cupom 30REAIS deve descontar 30 reais no valor total do carrinho",
                  "timedOut": null,
                  "duration": 8997,
                  "state": "passed",
                  "speed": "medium",
                  "pass": true,
                  "fail": false,
                  "pending": false,
                  "context": null,
                  "code": "const homePage = new _homePage.HomePage();\nhomePage.selecionarOferta('[CATEGORIA] Produto com categoria - 3 Nível');\nhomePage.adicionarOfertaNoCarrinho();\nconst carrinhoPage = new _carrinhoPage.CarrinhoPage();\ncarrinhoPage.verificaValorOferta('[CATEGORIA] Produto com categoria - 3 Nível', 'R$ 89,00');\ncarrinhoPage.adicionarCep(\"94950-490\");\ncarrinhoPage.verificaValorFrete('2 dias úteis', 'R$ 35,11');\ncarrinhoPage.selecionarOpcaoFrete('2 dias úteis');\ncarrinhoPage.verificarSubtotal(89.0);\ncarrinhoPage.verificaTotal(124.11);\ncarrinhoPage.adicionarCupom('30REAIS');\ncarrinhoPage.verificaTotal(94.11);",
                  "err": {},
                  "uuid": "25cf6fd8-8a18-43bb-98e6-8289a07e3dea",
                  "parentUUID": "41dff9e1-56f0-4f7b-b9f2-c2d2458ce2ac",
                  "isHook": false,
                  "skipped": false
                },
                {
                  "title": "Cupom “20LIMITADO” deve retornar erro “Cupom não encontrado“",
                  "fullTitle": "Smoke Carrinho Cupom “20LIMITADO” deve retornar erro “Cupom não encontrado“",
                  "timedOut": null,
                  "duration": 8640,
                  "state": "passed",
                  "speed": "medium",
                  "pass": true,
                  "fail": false,
                  "pending": false,
                  "context": null,
                  "code": "const homePage = new _homePage.HomePage();\nhomePage.selecionarOferta('[CATEGORIA] Produto com categoria - 3 Nível');\nhomePage.adicionarOfertaNoCarrinho();\nconst carrinhoPage = new _carrinhoPage.CarrinhoPage();\ncarrinhoPage.verificaValorOferta('[CATEGORIA] Produto com categoria - 3 Nível', 'R$ 89,00');\ncarrinhoPage.adicionarCep(\"94950-490\");\ncarrinhoPage.verificaValorFrete('2 dias úteis', 'R$ 35,11');\ncarrinhoPage.selecionarOpcaoFrete('2 dias úteis');\ncarrinhoPage.verificarSubtotal(89.0);\ncarrinhoPage.verificaTotal(124.11);\ncarrinhoPage.adicionarCupom('20LIMITADO');\ncarrinhoPage.verificaMensagemErro(\"Cupom não encontrado.\");\ncarrinhoPage.verificaTotal(124.11);",
                  "err": {},
                  "uuid": "6a6df9b3-5202-4731-9a17-7c30146d2fb5",
                  "parentUUID": "41dff9e1-56f0-4f7b-b9f2-c2d2458ce2ac",
                  "isHook": false,
                  "skipped": false
                },
                {
                  "title": "Cupom AJJFLWBHH deve descontar 5% no valor total do carrinho",
                  "fullTitle": "Smoke Carrinho Cupom AJJFLWBHH deve descontar 5% no valor total do carrinho",
                  "timedOut": null,
                  "duration": 10562,
                  "state": "passed",
                  "speed": "slow",
                  "pass": true,
                  "fail": false,
                  "pending": false,
                  "context": null,
                  "code": "const homePage = new _homePage.HomePage();\nhomePage.selecionarOferta('[CATEGORIA] Produto com categoria - 3 Nível');\nhomePage.adicionarOfertaNoCarrinho();\nconst carrinhoPage = new _carrinhoPage.CarrinhoPage();\ncarrinhoPage.verificaValorOferta('[CATEGORIA] Produto com categoria - 3 Nível', 'R$ 89,00');\ncarrinhoPage.adicionarCep(\"94950-490\");\ncarrinhoPage.verificaValorFrete('2 dias úteis', 'R$ 35,11');\ncarrinhoPage.selecionarOpcaoFrete('2 dias úteis');\ncarrinhoPage.verificarSubtotal(89.0);\ncarrinhoPage.verificaTotal(124.11);\ncarrinhoPage.adicionarCupom('AJJFLWBHH');\ncarrinhoPage.verificaTotal(117.90);",
                  "err": {},
                  "uuid": "97050068-dd25-49b5-8d62-5215a772750f",
                  "parentUUID": "41dff9e1-56f0-4f7b-b9f2-c2d2458ce2ac",
                  "isHook": false,
                  "skipped": false
                },
                {
                  "title": "Cupom “CUPOMVENCIDO” deve retornar erro \"O cupom não é válido.\"",
                  "fullTitle": "Smoke Carrinho Cupom “CUPOMVENCIDO” deve retornar erro \"O cupom não é válido.\"",
                  "timedOut": null,
                  "duration": 10152,
                  "state": "passed",
                  "speed": "slow",
                  "pass": true,
                  "fail": false,
                  "pending": false,
                  "context": null,
                  "code": "const homePage = new _homePage.HomePage();\nhomePage.selecionarOferta('[CATEGORIA] Produto com categoria - 3 Nível');\nhomePage.adicionarOfertaNoCarrinho();\nconst carrinhoPage = new _carrinhoPage.CarrinhoPage();\ncarrinhoPage.verificaValorOferta('[CATEGORIA] Produto com categoria - 3 Nível', 'R$ 89,00');\ncarrinhoPage.adicionarCep(\"94950-490\");\ncarrinhoPage.verificaValorFrete('2 dias úteis', 'R$ 35,11');\ncarrinhoPage.selecionarOpcaoFrete('2 dias úteis');\ncarrinhoPage.verificarSubtotal(89.0);\ncarrinhoPage.verificaTotal(124.11);\ncarrinhoPage.adicionarCupom('CUPOMVENCIDO');\ncarrinhoPage.verificaMensagemErro(\"O cupom não é válido.\");\ncarrinhoPage.verificaTotal(124.11);",
                  "err": {},
                  "uuid": "d4855f2f-e1e9-40d4-81a0-7cff77146f8e",
                  "parentUUID": "41dff9e1-56f0-4f7b-b9f2-c2d2458ce2ac",
                  "isHook": false,
                  "skipped": false
                }
              ],
              "suites": [],
              "passes": [
                "9697ffd5-564d-4948-8759-71bd67e54df2",
                "fc90c9fb-48a1-4311-8575-1b58a348eadb",
                "b4302c7a-4ca2-41d9-a3dc-585e33bb0fef",
                "e98198d7-495c-456f-814b-7f3a75a14171",
                "26612c33-3fb6-4190-9aa3-8e777b5e5d15",
                "95def541-3b08-4eb5-b105-d2c8e51eac73",
                "25cf6fd8-8a18-43bb-98e6-8289a07e3dea",
                "6a6df9b3-5202-4731-9a17-7c30146d2fb5",
                "97050068-dd25-49b5-8d62-5215a772750f",
                "d4855f2f-e1e9-40d4-81a0-7cff77146f8e"
              ],
              "failures": [],
              "pending": [],
              "skipped": [],
              "duration": 111060,
              "root": false,
              "rootEmpty": false,
              "_timeout": 2000
            }
          ],
          "passes": [],
          "failures": [],
          "pending": [],
          "skipped": [],
          "duration": 0,
          "root": false,
          "rootEmpty": false,
          "_timeout": 2000
        }
      ],
      "passes": [],
      "failures": [],
      "pending": [],
      "skipped": [],
      "duration": 0,
      "root": true,
      "rootEmpty": true,
      "_timeout": 2000
    }
  ],
  "meta": {
    "mocha": {
      "version": "7.0.1"
    },
    "mochawesome": {
      "options": {
        "quiet": false,
        "reportFilename": "mochawesome",
        "saveHtml": false,
        "saveJson": true,
        "consoleReporter": "spec",
        "useInlineDiffs": false,
        "code": true
      },
      "version": "7.1.3"
    },
    "marge": {
      "options": {
        "id": "default",
        "reportDir": "cypress/reports/mocha",
        "quite": true,
        "overwrite": false,
        "html": false,
        "json": true
      },
      "version": "6.2.0"
    }
  }
}